<?xml version="1.0" encoding="UTF-8"?>
<!-- Generated by org.testng.reporters.JUnitXMLReporter -->
<testsuite ignored="0" hostname="DESKTOP-Q2SED5P" failures="0" tests="2" name="TestChromebrowser" time="9.767" errors="0" timestamp="2023-08-12T13:39:40 IST">
  <testcase classname="TestClasses.LoginToVahan" name="verifyLoginWithValidCredential" time="2.49"/>
  <testcase classname="TestClasses.LoginToVahan" name="verifyLoginWithInvalidCredential" time="0.487"/>
</testsuite> <!-- TestChromebrowser -->
