<?xml version="1.0" encoding="UTF-8"?>
<!-- Generated by org.testng.reporters.JUnitXMLReporter -->
<testsuite ignored="0" hostname="DESKTOP-Q2SED5P" failures="0" tests="2" name="TestChromebrowser" time="11.39" errors="0" timestamp="2023-08-13T11:48:09 IST">
  <testcase classname="TestClasses.LoginToVahan" name="verifyLoginWithValidCredential" time="2.559"/>
  <testcase classname="TestClasses.LoginToVahan" name="verifyLoginWithInvalidCredential" time="0.551"/>
</testsuite> <!-- TestChromebrowser -->
