<?xml version="1.0" encoding="UTF-8"?>
<!-- Generated by org.testng.reporters.JUnitXMLReporter -->
<testsuite ignored="0" hostname="DESKTOP-Q2SED5P" failures="0" tests="2" name="TestFirefoxbrowser" time="1.015" errors="0" timestamp="2023-08-12T13:39:54 IST">
  <testcase classname="TestClasses.LoginToVahan" name="verifyLoginWithValidCredential" time="0.0">
    <skipped/>
  </testcase> <!-- verifyLoginWithValidCredential -->
  <testcase classname="TestClasses.LoginToVahan" name="verifyLoginWithInvalidCredential" time="0.001">
    <skipped/>
  </testcase> <!-- verifyLoginWithInvalidCredential -->
</testsuite> <!-- TestFirefoxbrowser -->
