<?xml version="1.0" encoding="UTF-8"?>
<testng-results ignored="0" total="2" passed="2" failed="0" skipped="0">
  <reporter-output>
  </reporter-output>
  <suite started-at="2023-08-13T12:03:41 IST" name="Suite" finished-at="2023-08-13T12:03:51 IST" duration-ms="10296">
    <groups>
    </groups>
    <test started-at="2023-08-13T12:03:41 IST" name="Testcromebroser" finished-at="2023-08-13T12:03:45 IST" duration-ms="4878">
      <class name="TestClasses.CrossBrowserTesting">
        <test-method is-config="true" signature="Setup(java.lang.String)[pri:0, instance:TestClasses.CrossBrowserTesting@117159c0]" started-at="2023-08-13T12:03:41 IST" name="Setup" finished-at="2023-08-13T12:03:45 IST" duration-ms="3989" status="PASS">
          <params>
            <param index="0">
              <value>
                <![CDATA[Chrome]]>
              </value>
            </param>
          </params>
          <reporter-output>
          </reporter-output>
        </test-method> <!-- Setup -->
        <test-method signature="verifyLoginWithValidCredential()[pri:0, instance:TestClasses.CrossBrowserTesting@117159c0]" started-at="2023-08-13T12:03:45 IST" name="verifyLoginWithValidCredential" finished-at="2023-08-13T12:03:45 IST" duration-ms="724" status="PASS">
          <reporter-output>
          </reporter-output>
        </test-method> <!-- verifyLoginWithValidCredential -->
        <test-method is-config="true" signature="Teardown()[pri:0, instance:TestClasses.CrossBrowserTesting@117159c0]" started-at="2023-08-13T12:03:45 IST" name="Teardown" finished-at="2023-08-13T12:03:45 IST" duration-ms="116" status="PASS">
          <reporter-output>
          </reporter-output>
        </test-method> <!-- Teardown -->
      </class> <!-- TestClasses.CrossBrowserTesting -->
    </test> <!-- Testcromebroser -->
    <test started-at="2023-08-13T12:03:45 IST" name="Testedgebroser" finished-at="2023-08-13T12:03:51 IST" duration-ms="5398">
      <class name="TestClasses.CrossBrowserTesting">
        <test-method is-config="true" signature="Setup(java.lang.String)[pri:0, instance:TestClasses.CrossBrowserTesting@1972e513]" started-at="2023-08-13T12:03:45 IST" name="Setup" finished-at="2023-08-13T12:03:50 IST" duration-ms="4530" status="PASS">
          <params>
            <param index="0">
              <value>
                <![CDATA[Edge]]>
              </value>
            </param>
          </params>
          <reporter-output>
          </reporter-output>
        </test-method> <!-- Setup -->
        <test-method signature="verifyLoginWithValidCredential()[pri:0, instance:TestClasses.CrossBrowserTesting@1972e513]" started-at="2023-08-13T12:03:50 IST" name="verifyLoginWithValidCredential" finished-at="2023-08-13T12:03:51 IST" duration-ms="733" status="PASS">
          <reporter-output>
          </reporter-output>
        </test-method> <!-- verifyLoginWithValidCredential -->
        <test-method is-config="true" signature="Teardown()[pri:0, instance:TestClasses.CrossBrowserTesting@1972e513]" started-at="2023-08-13T12:03:51 IST" name="Teardown" finished-at="2023-08-13T12:03:51 IST" duration-ms="126" status="PASS">
          <reporter-output>
          </reporter-output>
        </test-method> <!-- Teardown -->
      </class> <!-- TestClasses.CrossBrowserTesting -->
    </test> <!-- Testedgebroser -->
  </suite> <!-- Suite -->
</testng-results>
